2023-03-27 17:13:17,891 automl_personalize main.py main set_logger INFO: logger 세팅
2023-03-27 17:13:17,892 automl_personalize input_data.py input_data read_data INFO: csv 데이터 불러오기
2023-03-27 17:13:17,892 automl_personalize input_data.py input_data read_data INFO: storage/shop_data/interaction_data.csv
2023-03-27 17:13:18,693 automl_personalize input_data.py input_data read_data INFO: 변수 분리 시작
2023-03-27 17:13:18,706 automl_personalize input_data.py input_data reduce_mem_usage INFO: 데이터 구성: 587719 행, 13열
2023-03-27 17:13:18,706 automl_personalize input_data.py input_data reduce_mem_usage INFO: Memory usage of dataframe is 58.29MB
2023-03-27 17:13:19,248 automl_personalize input_data.py input_data reduce_mem_usage INFO: Memory usage after optimization is: 23.13MB
2023-03-27 17:13:19,248 automl_personalize input_data.py input_data reduce_mem_usage INFO: Decreased by 60.3%
2023-03-27 17:13:19,249 automl_personalize preprocess.py preprocess na_preprocess INFO: 결측치 확인
2023-03-27 17:13:19,250 automl_personalize preprocess.py preprocess na_preprocess ERROR: 결측치 처리에 문제가 발생하였습니다
Traceback (most recent call last):
  File "C:\Users\LDCC\Desktop\eco_code\automl_personalize\process\preprocess.py", line 35, in na_preprocess
    df.fillna('NaN', inplace=True)
  File "C:\Users\LDCC\anaconda3\envs\practice\lib\site-packages\pandas\util\_decorators.py", line 311, in wrapper
    return func(*args, **kwargs)
  File "C:\Users\LDCC\anaconda3\envs\practice\lib\site-packages\pandas\core\frame.py", line 5182, in fillna
    downcast=downcast,
  File "C:\Users\LDCC\anaconda3\envs\practice\lib\site-packages\pandas\core\generic.py", line 6383, in fillna
    value=value, limit=limit, inplace=inplace, downcast=downcast
  File "C:\Users\LDCC\anaconda3\envs\practice\lib\site-packages\pandas\core\internals\managers.py", line 411, in fillna
    "fillna", value=value, limit=limit, inplace=inplace, downcast=downcast
  File "C:\Users\LDCC\anaconda3\envs\practice\lib\site-packages\pandas\core\internals\managers.py", line 327, in apply
    applied = getattr(b, f)(**kwargs)
  File "C:\Users\LDCC\anaconda3\envs\practice\lib\site-packages\pandas\core\internals\blocks.py", line 1572, in fillna
    values = self.values.fillna(value=value, limit=limit)
  File "C:\Users\LDCC\anaconda3\envs\practice\lib\site-packages\pandas\core\arrays\_mixins.py", line 246, in fillna
    self._validate_setitem_value(value)
  File "C:\Users\LDCC\anaconda3\envs\practice\lib\site-packages\pandas\core\arrays\categorical.py", line 2045, in _validate_setitem_value
    "Cannot setitem on a Categorical with a new "
ValueError: Cannot setitem on a Categorical with a new category, set the categories first
2023-03-27 17:13:19,257 automl_personalize preprocess.py preprocess na_preprocess INFO: 결측치 처리 이후 데이터 구성: 587719 행, 13열
2023-03-27 17:13:19,769 automl_personalize preprocess.py preprocess get_per_df INFO: 전처리 완료
2023-03-27 17:13:19,769 automl_personalize preprocess.py preprocess get_per_df INFO: 

2023-03-27 17:13:19,769 automl_personalize preprocess.py preprocess get_per_df INFO:                                 ITEM_ID USER_ID EVENT_TYPE  \
0  26bb732f-9159-432f-91ef-bad14fedd298    3156       View   
1  26bb732f-9159-432f-91ef-bad14fedd298    3156       View   
2  dc073623-4b95-47d9-93cb-0171c20baa04     332       View   
3  dc073623-4b95-47d9-93cb-0171c20baa04     332       View   
4  31efcfea-47d6-43f3-97f7-2704a5397e22    3981       View   

             TIMESTAMP DISCOUNT USER_NAME  AGE GENDER           ITEM_NAME  \
0  2020-06-10 15:43:08       No  user3156   40      F              Kettle   
1  2020-06-10 15:43:08       No  user3156   40      F              Kettle   
2  2020-06-10 15:43:32      Yes   user332   44      F      Groovy Glasses   
3  2020-06-10 15:43:32      Yes   user332   44      F      Groovy Glasses   
4  2020-06-10 15:43:50      Yes  user3981   48      F  Gainsboro Sneakers   

   CATEGORY_L1    STYLE                                   ITEM_DESCRIPTION  \
0   housewares  kitchen                     Unparalleled for every kitchen   
1   housewares  kitchen                     Unparalleled for every kitchen   
2  accessories  glasses  These groovy glasses for women are perfect eve...   
3  accessories  glasses  These groovy glasses for women are perfect eve...   
4     footwear  sneaker  Ultrahip pair of gainsboro sneakers for walkin...   

   PRICE  
0   59.0  
1   59.0  
2  132.0  
3  132.0  
4  210.0  
2023-03-27 17:13:19,956 automl_personalize preprocess.py preprocess get_per_df INFO: 전처리 완료
2023-03-27 17:13:19,956 automl_personalize preprocess.py preprocess get_per_df INFO: 

2023-03-27 17:13:19,957 automl_personalize preprocess.py preprocess get_per_df INFO:                                 ITEM_ID USER_ID EVENT_TYPE  \
0  26bb732f-9159-432f-91ef-bad14fedd298    3156       View   
1  26bb732f-9159-432f-91ef-bad14fedd298    3156       View   
2  dc073623-4b95-47d9-93cb-0171c20baa04     332       View   
3  dc073623-4b95-47d9-93cb-0171c20baa04     332       View   
4  31efcfea-47d6-43f3-97f7-2704a5397e22    3981       View   

             TIMESTAMP DISCOUNT USER_NAME  AGE GENDER           ITEM_NAME  \
0  2020-06-10 15:43:08       No  user3156   40      F              Kettle   
1  2020-06-10 15:43:08       No  user3156   40      F              Kettle   
2  2020-06-10 15:43:32      Yes   user332   44      F      Groovy Glasses   
3  2020-06-10 15:43:32      Yes   user332   44      F      Groovy Glasses   
4  2020-06-10 15:43:50      Yes  user3981   48      F  Gainsboro Sneakers   

   CATEGORY_L1    STYLE                                   ITEM_DESCRIPTION  \
0   housewares  kitchen                     Unparalleled for every kitchen   
1   housewares  kitchen                     Unparalleled for every kitchen   
2  accessories  glasses  These groovy glasses for women are perfect eve...   
3  accessories  glasses  These groovy glasses for women are perfect eve...   
4     footwear  sneaker  Ultrahip pair of gainsboro sneakers for walkin...   

   PRICE  
0   59.0  
1   59.0  
2  132.0  
3  132.0  
4  210.0  
2023-03-27 17:13:20,037 automl_personalize modeling.py modeling svd_fit_predict INFO: svd 모델 fitting
2023-03-27 17:15:59,684 automl_personalize modeling.py modeling make_report INFO: 학습 결과를 위한 결과물 생성
2023-03-27 17:15:59,687 automl_personalize modeling.py modeling get_eval INFO: best 모델 검증
